<?xml version="1.0" encoding="UTF-8"?>
<!-- Generated by org.testng.reporters.JUnitReportReporter -->
<testsuite hostname="DESKTOP-Q07UC7H" failures="0" tests="4" name="com.qa.opencart.tests.LoginPageTest" time="6.174" errors="0" timestamp="2024-08-20T13:31:55 IST" skipped="0">
  <testcase classname="com.qa.opencart.tests.LoginPageTest" name="loginPageTitleTest" time="0.365"/>
  <system-out/>
  <testcase classname="com.qa.opencart.tests.LoginPageTest" name="loginPageUrlTest" time="0.062"/>
  <system-out/>
  <testcase classname="com.qa.opencart.tests.LoginPageTest" name="forgotpassLinkExistTest" time="0.254"/>
  <system-out/>
  <testcase classname="com.qa.opencart.tests.LoginPageTest" name="loginTest" time="5.493"/>
  <system-out/>
</testsuite> <!-- com.qa.opencart.tests.LoginPageTest -->
