<?xml version="1.0" encoding="UTF-8"?>
<!-- Generated by org.testng.reporters.JUnitReportReporter -->
<testsuite hostname="DESKTOP-Q07UC7H" failures="0" tests="13" name="com.qa.opencart.tests.AccountsPageTest" time="31.366" errors="0" timestamp="2024-08-05T17:28:50 IST" skipped="0">
  <testcase classname="com.qa.opencart.tests.AccountsPageTest" name="searchProductCountTest" time="2.766"/>
  <testcase classname="com.qa.opencart.tests.AccountsPageTest" name="searchProductTest" time="5.253"/>
  <testcase classname="com.qa.opencart.tests.AccountsPageTest" name="searchProductTest" time="3.918"/>
  <testcase classname="com.qa.opencart.tests.AccountsPageTest" name="searchProductCountTest" time="4.530"/>
  <testcase classname="com.qa.opencart.tests.AccountsPageTest" name="accountsPageUrlTest" time="0.096"/>
  <testcase classname="com.qa.opencart.tests.AccountsPageTest" name="searchProductCountTest" time="2.865"/>
  <testcase classname="com.qa.opencart.tests.AccountsPageTest" name="searchProductTest" time="4.697"/>
  <testcase classname="com.qa.opencart.tests.AccountsPageTest" name="accountHeaderTest" time="0.390"/>
  <testcase classname="com.qa.opencart.tests.AccountsPageTest" name="isLogoutLinkExistTest" time="0.133"/>
  <testcase classname="com.qa.opencart.tests.AccountsPageTest" name="searchProductTest" time="3.341"/>
  <testcase classname="com.qa.opencart.tests.AccountsPageTest" name="searchProductCountTest" time="2.989"/>
  <testcase classname="com.qa.opencart.tests.AccountsPageTest" name="accountsPageTitleTest" time="0.140"/>
  <testcase classname="com.qa.opencart.tests.AccountsPageTest" name="accountHeaderValueTest" time="0.248"/>
</testsuite> <!-- com.qa.opencart.tests.AccountsPageTest -->
