<?xml version="1.0" encoding="UTF-8"?>
<!-- Generated by org.testng.reporters.JUnitReportReporter -->
<testsuite hostname="DESKTOP-Q07UC7H" failures="0" tests="3" name="com.qa.opencart.tests.RegistrationPageTest" time="60.862" errors="0" timestamp="2024-08-20T13:31:55 IST" skipped="0">
  <testcase classname="com.qa.opencart.tests.RegistrationPageTest" name="userRegTest" time="20.317"/>
  <system-out/>
  <testcase classname="com.qa.opencart.tests.RegistrationPageTest" name="userRegTest" time="20.762"/>
  <system-out/>
  <testcase classname="com.qa.opencart.tests.RegistrationPageTest" name="userRegTest" time="19.783"/>
  <system-out/>
</testsuite> <!-- com.qa.opencart.tests.RegistrationPageTest -->
