<?xml version="1.0" encoding="UTF-8"?>
<!-- Generated by org.testng.reporters.JUnitReportReporter -->
<testsuite hostname="DESKTOP-Q07UC7H" failures="0" tests="3" name="com.qa.opencart.tests.RegistrationPageTest" time="40.075" errors="0" timestamp="2024-08-28T11:19:38 IST" skipped="0">
  <testcase classname="com.qa.opencart.tests.RegistrationPageTest" name="userRegTest" time="14.910"/>
  <testcase classname="com.qa.opencart.tests.RegistrationPageTest" name="userRegTest" time="12.494"/>
  <testcase classname="com.qa.opencart.tests.RegistrationPageTest" name="userRegTest" time="12.671"/>
</testsuite> <!-- com.qa.opencart.tests.RegistrationPageTest -->
