<?xml version="1.0" encoding="UTF-8"?>
<!-- Generated by org.testng.reporters.JUnitReportReporter -->
<testsuite hostname="DESKTOP-Q07UC7H" failures="0" tests="4" name="com.qa.opencart.tests.LoginPageTest" time="1.022" errors="0" timestamp="2024-07-23T16:18:19 IST" skipped="0">
  <testcase classname="com.qa.opencart.tests.LoginPageTest" name="loginPageTitleTest" time="0.229"/>
  <testcase classname="com.qa.opencart.tests.LoginPageTest" name="loginPageUrlTest" time="0.029"/>
  <testcase classname="com.qa.opencart.tests.LoginPageTest" name="forgotpassLinkExistTest" time="0.071"/>
  <testcase classname="com.qa.opencart.tests.LoginPageTest" name="loginTest" time="0.693"/>
</testsuite> <!-- com.qa.opencart.tests.LoginPageTest -->
