<?xml version="1.0" encoding="UTF-8"?>
<!-- Generated by org.testng.reporters.JUnitReportReporter -->
<testsuite hostname="DESKTOP-Q07UC7H" failures="0" tests="4" name="com.qa.opencart.tests.LoginPageTest" time="3.529" errors="0" timestamp="2024-08-22T13:56:57 IST" skipped="0">
  <testcase classname="com.qa.opencart.tests.LoginPageTest" name="loginPageTitleTest" time="0.124"/>
  <system-out/>
  <testcase classname="com.qa.opencart.tests.LoginPageTest" name="loginPageUrlTest" time="0.045"/>
  <system-out/>
  <testcase classname="com.qa.opencart.tests.LoginPageTest" name="forgotpassLinkExistTest" time="0.121"/>
  <system-out/>
  <testcase classname="com.qa.opencart.tests.LoginPageTest" name="loginTest" time="3.239"/>
  <system-out/>
</testsuite> <!-- com.qa.opencart.tests.LoginPageTest -->
