<?xml version="1.0" encoding="UTF-8"?>
<!-- Generated by org.testng.reporters.JUnitReportReporter -->
<testsuite hostname="DESKTOP-Q07UC7H" failures="0" tests="4" name="com.qa.opencart.tests.LoginPageTest" time="7.533" errors="0" timestamp="2024-08-14T16:26:16 IST" skipped="0">
  <testcase classname="com.qa.opencart.tests.LoginPageTest" name="loginPageTitleTest" time="0.445"/>
  <system-out/>
  <testcase classname="com.qa.opencart.tests.LoginPageTest" name="loginPageUrlTest" time="0.139"/>
  <system-out/>
  <testcase classname="com.qa.opencart.tests.LoginPageTest" name="forgotpassLinkExistTest" time="0.147"/>
  <system-out/>
  <testcase classname="com.qa.opencart.tests.LoginPageTest" name="loginTest" time="6.802"/>
  <system-out/>
</testsuite> <!-- com.qa.opencart.tests.LoginPageTest -->
