<?xml version="1.0" encoding="UTF-8"?>
<!-- Generated by org.testng.reporters.JUnitReportReporter -->
<testsuite hostname="DESKTOP-Q07UC7H" failures="0" tests="3" name="com.qa.opencart.tests.RegistrationPageTest" time="36.578" errors="0" timestamp="2024-08-13T15:18:25 IST" skipped="0">
  <testcase classname="com.qa.opencart.tests.RegistrationPageTest" name="userRegTest" time="13.318"/>
  <testcase classname="com.qa.opencart.tests.RegistrationPageTest" name="userRegTest" time="11.548"/>
  <testcase classname="com.qa.opencart.tests.RegistrationPageTest" name="userRegTest" time="11.712"/>
</testsuite> <!-- com.qa.opencart.tests.RegistrationPageTest -->
